<?xml version="1.0" encoding="UTF-8"?>
<!-- Generated by org.testng.reporters.JUnitReportReporter -->
<testsuite skipped="1" hostname="Samsung" name="com.crm.qa.testcases.ContactsPageTest" tests="1" failures="0" timestamp="28 Nov 2018 06:05:42 GMT" time="0.000" errors="0">
  <testcase name="fillNewContactPageTest" time="0.000" classname="com.crm.qa.testcases.ContactsPageTest">
    <skipped/>
  </testcase> <!-- fillNewContactPageTest -->
</testsuite> <!-- com.crm.qa.testcases.ContactsPageTest -->
