<?xml version="1.0" encoding="UTF-8"?>
<!-- Generated by org.testng.reporters.JUnitReportReporter -->
<testsuite skipped="0" hostname="Samsung" name="com.crm.qa.testcases.HomePageTest" tests="3" failures="0" timestamp="27 Nov 2018 07:05:52 GMT" time="113.118" errors="0">
  <testcase name="correctUserTest" time="36.681" classname="com.crm.qa.testcases.HomePageTest"/>
  <testcase name="clickOnContactsLinkTest" time="40.334" classname="com.crm.qa.testcases.HomePageTest"/>
  <testcase name="homePageTitleTest" time="36.103" classname="com.crm.qa.testcases.HomePageTest"/>
</testsuite> <!-- com.crm.qa.testcases.HomePageTest -->
